INFO: [SIM 2] *************** CSIM start ***************
INFO: [SIM 4] CSIM will launch GCC as the compiler.
   Compiling ../../../../read_B_test.cpp in debug mode
   Compiling ../../../../kernel.cpp in debug mode
   Generating csim.exe
Idx Stream element: 1
Idx Stream element: 1
Idx Stream element: 2
Idx Stream element: 1
Idx Stream element: 3
Idx Stream element: 1
Idx Stream element: 4
Idx Stream element: 1
Idx Stream element: 5
Idx Stream element: 1
Idx Stream element: 6
Idx Stream element: 1
Idx Stream element: 7
Idx Stream element: 1
Idx Stream element: 8
Idx Stream element: 1
INFO: [SIM 1] CSim done with 0 errors.
INFO: [SIM 3] *************** CSIM finish ***************
