

================================================================
== Vitis HLS Report for 'entry_proc'
================================================================
* Date:           Fri Jun  9 10:19:55 2023

* Version:        2021.1 (Build 3247384 on Thu Jun 10 19:36:33 MDT 2021)
* Project:        kernel_acc
* Solution:       solution1 (Vivado IP Flow Target)
* Product family: zynquplus
* Target device:  xczu7ev-ffvc1156-2-e


================================================================
== Performance Estimates
================================================================
+ Timing: 
    * Summary: 
    +--------+----------+----------+------------+
    |  Clock |  Target  | Estimated| Uncertainty|
    +--------+----------+----------+------------+
    |ap_clk  |  10.00 ns|      0 ns|     2.70 ns|
    +--------+----------+----------+------------+

+ Latency: 
    * Summary: 
    +---------+---------+----------+----------+-----+-----+---------+
    |  Latency (cycles) |  Latency (absolute) |  Interval | Pipeline|
    |   min   |   max   |    min   |    max   | min | max |   Type  |
    +---------+---------+----------+----------+-----+-----+---------+
    |        0|        0|      0 ns|      0 ns|    0|    0|       no|
    +---------+---------+----------+----------+-----+-----+---------+

    + Detail: 
        * Instance: 
        N/A

        * Loop: 
        N/A

============================================================
+ Verbose Summary: Synthesis Manager
============================================================
InlineROM: 1
ExposeGlobal: 0
============================================================
+ Verbose Summary: CDFG Model
============================================================
IsTopModel: 0
ResetActiveHigh: 1
IsCombinational: 2
IsDatapathOnly: 0
HasWiredReturn: 1
HasMFsm: 0
HasVarLatency: 0
IsPipeline: 0
IsRtlPipelined: 0
IsInstanceOverlapped: 0
IsDontTouch: 0
HasImplIP: 0
IsGatedGlobalClock: 0


============================================================
+ Verbose Summary: Schedule
============================================================
* Number of FSM states : 1
* Pipeline : 0
* Dataflow Pipeline: 0

* FSM state transitions: 
1 --> 

* FSM state operations: 

State 1 <SV = 0> <Delay = 0.00>
ST_1 : Operation 2 [1/1] (0.00ns)   --->   "%M_read = read i32 @_ssdm_op_Read.ap_auto.i32, i32 %M"   --->   Operation 2 'read' 'M_read' <Predicate = true> <Delay = 0.00>
ST_1 : Operation 3 [1/1] (0.00ns)   --->   "%matrixC_o_read = read i64 @_ssdm_op_Read.ap_auto.i64, i64 %matrixC_o"   --->   Operation 3 'read' 'matrixC_o_read' <Predicate = true> <Delay = 0.00>
ST_1 : Operation 4 [1/1] (0.00ns)   --->   "%mrv = insertvalue i96 <undef>, i64 %matrixC_o_read"   --->   Operation 4 'insertvalue' 'mrv' <Predicate = true> <Delay = 0.00>
ST_1 : Operation 5 [1/1] (0.00ns)   --->   "%mrv_1 = insertvalue i96 %mrv, i32 %M_read"   --->   Operation 5 'insertvalue' 'mrv_1' <Predicate = true> <Delay = 0.00>
ST_1 : Operation 6 [1/1] (0.00ns)   --->   "%ret_ln0 = ret i96 %mrv_1"   --->   Operation 6 'ret' 'ret_ln0' <Predicate = true> <Delay = 0.00>


============================================================
+ Verbose Summary: Binding
============================================================
STG Binding: 
---------------- STG Properties BEGIN ----------------
- Is combinational: 0
- Is one-state seq: 1
- Is datapath-only: 0
- Is pipelined: 0
- Is top level: 0
Port [ Return ] is wired: 1; IO mode=ap_ctrl_hs:ce=0
Port [ matrixC_o]:  wired=1; compound=0; hidden=0; nouse=0; global=0; static=0; extern=0; dir=0; type=0; pingpong=0; private_global=0; IO mode=ap_none:ce=0
Port [ M]:  wired=1; compound=0; hidden=0; nouse=0; global=0; static=0; extern=0; dir=0; type=0; pingpong=0; private_global=0; IO mode=ap_none:ce=0
---------------- STG Properties END ------------------

---------------- Datapath Model BEGIN ----------------

<LifeTime>
<method=bitvector/>
M_read         (read       ) [ 00]
matrixC_o_read (read       ) [ 00]
mrv            (insertvalue) [ 00]
mrv_1          (insertvalue) [ 00]
ret_ln0        (ret        ) [ 00]
</LifeTime>

<model>

<comp_list>
<comp id="0" class="1000" name="matrixC_o">
<pin_list>
<pin id="1" dir="1" index="0" bw="1" slack="0"/>
</pin_list>
<bind>
<StgValue><ssdm name="matrixC_o"/></StgValue>
</bind>
</comp>

<comp id="2" class="1000" name="M">
<pin_list>
<pin id="3" dir="1" index="0" bw="1" slack="0"/>
</pin_list>
<bind>
<StgValue><ssdm name="M"/></StgValue>
</bind>
</comp>

<comp id="4" class="1001" name="const_4">
<pin_list>
<pin id="5" dir="1" index="0" bw="1" slack="0"/>
</pin_list>
<bind>
<StgValue><ssdm name="_ssdm_op_Read.ap_auto.i32"/></StgValue>
</bind>
</comp>

<comp id="6" class="1001" name="const_6">
<pin_list>
<pin id="7" dir="1" index="0" bw="1" slack="0"/>
</pin_list>
<bind>
<StgValue><ssdm name="_ssdm_op_Read.ap_auto.i64"/></StgValue>
</bind>
</comp>

<comp id="8" class="1001" name="const_8">
<pin_list>
<pin id="9" dir="1" index="0" bw="1" slack="0"/>
</pin_list>
<bind>
<StgValue><ssdm name=""/></StgValue>
</bind>
</comp>

<comp id="10" class="1004" name="M_read_read_fu_10">
<pin_list>
<pin id="11" dir="0" index="0" bw="32" slack="0"/>
<pin id="12" dir="0" index="1" bw="32" slack="0"/>
<pin id="13" dir="1" index="2" bw="32" slack="0"/>
</pin_list>
<bind>
<opcode="read(1150) " fcode="read"/>
<opset="M_read/1 "/>
</bind>
</comp>

<comp id="16" class="1004" name="matrixC_o_read_read_fu_16">
<pin_list>
<pin id="17" dir="0" index="0" bw="64" slack="0"/>
<pin id="18" dir="0" index="1" bw="64" slack="0"/>
<pin id="19" dir="1" index="2" bw="64" slack="0"/>
</pin_list>
<bind>
<opcode="read(1150) " fcode="read"/>
<opset="matrixC_o_read/1 "/>
</bind>
</comp>

<comp id="22" class="1004" name="mrv_fu_22">
<pin_list>
<pin id="23" dir="0" index="0" bw="96" slack="0"/>
<pin id="24" dir="0" index="1" bw="64" slack="0"/>
<pin id="25" dir="1" index="2" bw="96" slack="0"/>
</pin_list>
<bind>
<opcode="insertvalue(57) " fcode="insertvalue"/>
<opset="mrv/1 "/>
</bind>
</comp>

<comp id="28" class="1004" name="mrv_1_fu_28">
<pin_list>
<pin id="29" dir="0" index="0" bw="96" slack="0"/>
<pin id="30" dir="0" index="1" bw="32" slack="0"/>
<pin id="31" dir="1" index="2" bw="96" slack="2147483647"/>
</pin_list>
<bind>
<opcode="insertvalue(57) " fcode="insertvalue"/>
<opset="mrv_1/1 "/>
</bind>
</comp>

</comp_list>

<net_list>
<net id="14"><net_src comp="4" pin="0"/><net_sink comp="10" pin=0"/></net>

<net id="15"><net_src comp="2" pin="0"/><net_sink comp="10" pin=1"/></net>

<net id="20"><net_src comp="6" pin="0"/><net_sink comp="16" pin=0"/></net>

<net id="21"><net_src comp="0" pin="0"/><net_sink comp="16" pin=1"/></net>

<net id="26"><net_src comp="8" pin="0"/><net_sink comp="22" pin=0"/></net>

<net id="27"><net_src comp="16" pin="2"/><net_sink comp="22" pin=1"/></net>

<net id="32"><net_src comp="22" pin="2"/><net_sink comp="28" pin=0"/></net>

<net id="33"><net_src comp="10" pin="2"/><net_sink comp="28" pin=1"/></net>

</net_list>

</model> 
---------------- Datapath Model END ------------------

* FSMD analyzer results:
  - Output states:
 - Input state : 
	Port: entry_proc : matrixC_o | {1 }
	Port: entry_proc : M | {1 }
  - Chain level:
	State 1
		mrv_1 : 1
		ret_ln0 : 2


============================================================
+ Verbose Summary: Datapath Resource usage 
============================================================

* Functional unit list:
|----------|---------------------------|
| Operation|      Functional Unit      |
|----------|---------------------------|
|   read   |     M_read_read_fu_10     |
|          | matrixC_o_read_read_fu_16 |
|----------|---------------------------|
|insertvalue|         mrv_fu_22         |
|          |        mrv_1_fu_28        |
|----------|---------------------------|
|   Total  |                           |
|----------|---------------------------|

Memories:
N/A

* Register list:
N/A

* Multiplexer (MUX) list: 
|--------|------|------|------|--------|
|  Comp  |  Pin | Size |  BW  | S x BW |
|--------|------|------|------|--------|
|  Total |      |      |      |    0   |
|--------|------|------|------|--------|



* Summary:
+-----------+
|           |
+-----------+
|  Function |
|   Memory  |
|Multiplexer|
|  Register |
+-----------+
|   Total   |
+-----------+
