

================================================================
== Vitis HLS Report for 'read_A'
================================================================
* Date:           Fri Jun  9 10:19:55 2023

* Version:        2021.1 (Build 3247384 on Thu Jun 10 19:36:33 MDT 2021)
* Project:        kernel_acc
* Solution:       solution1 (Vivado IP Flow Target)
* Product family: zynquplus
* Target device:  xczu7ev-ffvc1156-2-e


================================================================
== Performance Estimates
================================================================
+ Timing: 
    * Summary: 
    +--------+----------+----------+------------+
    |  Clock |  Target  | Estimated| Uncertainty|
    +--------+----------+----------+------------+
    |ap_clk  |  10.00 ns|  7.300 ns|     2.70 ns|
    +--------+----------+----------+------------+

+ Latency: 
    * Summary: 
    +---------+---------+-----------+----------+-----+-----+---------+
    |  Latency (cycles) |  Latency (absolute)  |  Interval | Pipeline|
    |   min   |   max   |    min    |    max   | min | max |   Type  |
    +---------+---------+-----------+----------+-----+-----+---------+
    |        2|        ?|  20.000 ns|         ?|    2|    ?|       no|
    +---------+---------+-----------+----------+-----+-----+---------+

    + Detail: 
        * Instance: 
        N/A

        * Loop: 
        +--------------+---------+---------+----------+-----------+-----------+-------+----------+
        |              |  Latency (cycles) | Iteration|  Initiation Interval  |  Trip |          |
        |   Loop Name  |   min   |   max   |  Latency |  achieved |   target  | Count | Pipelined|
        +--------------+---------+---------+----------+-----------+-----------+-------+----------+
        |- matrixA_rd  |        3|        ?|         3|          -|          -|  1 ~ ?|        no|
        +--------------+---------+---------+----------+-----------+-----------+-------+----------+

============================================================
+ Verbose Summary: Synthesis Manager
============================================================
InlineROM: 1
ExposeGlobal: 0
============================================================
+ Verbose Summary: CDFG Model
============================================================
IsTopModel: 0
ResetActiveHigh: 1
IsCombinational: 2
IsDatapathOnly: 0
HasWiredReturn: 1
HasMFsm: 0
HasVarLatency: 1
IsPipeline: 0
IsRtlPipelined: 0
IsInstanceOverlapped: 0
IsDontTouch: 0
HasImplIP: 0
IsGatedGlobalClock: 0


============================================================
+ Verbose Summary: Schedule
============================================================
* Number of FSM states : 11
* Pipeline : 0
* Dataflow Pipeline: 0

* FSM state transitions: 
1 --> 2 
2 --> 3 9 
3 --> 4 
4 --> 5 
5 --> 6 
6 --> 7 
7 --> 8 
8 --> 9 
9 --> 10 
10 --> 11 
11 --> 9 

* FSM state operations: 

State 1 <SV = 0> <Delay = 0.99>
ST_1 : Operation 12 [1/1] (0.00ns)   --->   "%lenEdgePtr_read = read i32 @_ssdm_op_Read.ap_auto.i32, i32 %lenEdgePtr" [kernel.cpp:23]   --->   Operation 12 'read' 'lenEdgePtr_read' <Predicate = true> <Delay = 0.00>
ST_1 : Operation 13 [1/1] (0.00ns)   --->   "%trunc_ln23 = trunc i32 %lenEdgePtr_read" [kernel.cpp:23]   --->   Operation 13 'trunc' 'trunc_ln23' <Predicate = true> <Delay = 0.00>
ST_1 : Operation 14 [1/1] (0.00ns)   --->   "%dataSize = shl i32 %lenEdgePtr_read, i32 1" [kernel.cpp:23]   --->   Operation 14 'shl' 'dataSize' <Predicate = true> <Delay = 0.00>
ST_1 : Operation 15 [1/1] (0.99ns)   --->   "%icmp_ln25 = icmp_sgt  i32 %dataSize, i32 0" [kernel.cpp:25]   --->   Operation 15 'icmp' 'icmp_ln25' <Predicate = true> <Delay = 0.99> <CoreInst = "Cmp">   --->   Core 9 'Cmp' <Latency = 0> <II = 1> <Delay = 0.99> <FuncUnit> <Opcode : 'icmp'> <InPorts = 2> <OutPorts = 1>

State 2 <SV = 1> <Delay = 7.30>
ST_2 : Operation 16 [1/1] (0.00ns)   --->   "%specinterface_ln0 = specinterface void @_ssdm_op_SpecInterface, i32 %fifoMatrixA13, void @empty_2, i32 0, i32 0, void @empty_20, i32 0, i32 0, void @empty_20, void @empty_20, void @empty_20, i32 0, i32 0, i32 0, i32 0, void @empty_20, void @empty_20"   --->   Operation 16 'specinterface' 'specinterface_ln0' <Predicate = true> <Delay = 0.00>
ST_2 : Operation 17 [1/1] (0.00ns)   --->   "%specinterface_ln0 = specinterface void @_ssdm_op_SpecInterface, i32 %fifoMatrixAIdx12, void @empty_2, i32 0, i32 0, void @empty_20, i32 0, i32 0, void @empty_20, void @empty_20, void @empty_20, i32 0, i32 0, i32 0, i32 0, void @empty_20, void @empty_20"   --->   Operation 17 'specinterface' 'specinterface_ln0' <Predicate = true> <Delay = 0.00>
ST_2 : Operation 18 [1/1] (0.00ns)   --->   "%specinterface_ln0 = specinterface void @_ssdm_op_SpecInterface, i32 %gmem2, void @empty_19, i32 0, i32 0, void @empty_20, i32 0, i32 0, void @empty_24, void @empty_22, void @empty_20, i32 16, i32 16, i32 16, i32 16, void @empty_20, void @empty_20"   --->   Operation 18 'specinterface' 'specinterface_ln0' <Predicate = true> <Delay = 0.00>
ST_2 : Operation 19 [1/1] (0.00ns)   --->   "%specinterface_ln0 = specinterface void @_ssdm_op_SpecInterface, i32 %gmem1, void @empty_19, i32 0, i32 0, void @empty_20, i32 0, i32 0, void @empty_23, void @empty_22, void @empty_20, i32 16, i32 16, i32 16, i32 16, void @empty_20, void @empty_20"   --->   Operation 19 'specinterface' 'specinterface_ln0' <Predicate = true> <Delay = 0.00>
ST_2 : Operation 20 [1/1] (0.00ns)   --->   "%matrixA_i_read = read i64 @_ssdm_op_Read.ap_auto.i64, i64 %matrixA_i" [kernel.cpp:23]   --->   Operation 20 'read' 'matrixA_i_read' <Predicate = true> <Delay = 0.00>
ST_2 : Operation 21 [1/1] (0.00ns)   --->   "%matrixA_hls_idx_read = read i64 @_ssdm_op_Read.ap_auto.i64, i64 %matrixA_hls_idx" [kernel.cpp:23]   --->   Operation 21 'read' 'matrixA_hls_idx_read' <Predicate = true> <Delay = 0.00>
ST_2 : Operation 22 [1/1] (0.00ns)   --->   "%br_ln25 = br i1 %icmp_ln25, void %._crit_edge, void %.lr.ph" [kernel.cpp:25]   --->   Operation 22 'br' 'br_ln25' <Predicate = true> <Delay = 0.00>
ST_2 : Operation 23 [1/1] (0.00ns)   --->   "%i = alloca i32 1"   --->   Operation 23 'alloca' 'i' <Predicate = (icmp_ln25)> <Delay = 0.00>
ST_2 : Operation 24 [1/1] (0.00ns)   --->   "%trunc_ln = partselect i62 @_ssdm_op_PartSelect.i62.i64.i32.i32, i64 %matrixA_hls_idx_read, i32 2, i32 63" [kernel.cpp:25]   --->   Operation 24 'partselect' 'trunc_ln' <Predicate = (icmp_ln25)> <Delay = 0.00>
ST_2 : Operation 25 [1/1] (0.00ns)   --->   "%sext_ln25 = sext i62 %trunc_ln" [kernel.cpp:25]   --->   Operation 25 'sext' 'sext_ln25' <Predicate = (icmp_ln25)> <Delay = 0.00>
ST_2 : Operation 26 [1/1] (0.00ns)   --->   "%gmem1_addr = getelementptr i32 %gmem1, i64 %sext_ln25" [kernel.cpp:25]   --->   Operation 26 'getelementptr' 'gmem1_addr' <Predicate = (icmp_ln25)> <Delay = 0.00>
ST_2 : Operation 27 [7/7] (7.30ns)   --->   "%empty = readreq i1 @_ssdm_op_ReadReq.m_axi.p1i32, i32 %gmem1_addr, i32 %dataSize" [kernel.cpp:25]   --->   Operation 27 'readreq' 'empty' <Predicate = (icmp_ln25)> <Delay = 7.30> <CoreInst = "m_axi">   --->   Core 121 'm_axi' <Latency = 5> <II = 1> <Delay = 1.00> <Adapter> <Opcode : 'read' 'write' 'readreq' 'writereq' 'writeresp'>
ST_2 : Operation 28 [1/1] (0.00ns)   --->   "%trunc_ln25_1 = partselect i62 @_ssdm_op_PartSelect.i62.i64.i32.i32, i64 %matrixA_i_read, i32 2, i32 63" [kernel.cpp:25]   --->   Operation 28 'partselect' 'trunc_ln25_1' <Predicate = (icmp_ln25)> <Delay = 0.00>
ST_2 : Operation 29 [1/1] (0.00ns)   --->   "%sext_ln25_1 = sext i62 %trunc_ln25_1" [kernel.cpp:25]   --->   Operation 29 'sext' 'sext_ln25_1' <Predicate = (icmp_ln25)> <Delay = 0.00>
ST_2 : Operation 30 [1/1] (0.00ns)   --->   "%gmem2_addr = getelementptr i32 %gmem2, i64 %sext_ln25_1" [kernel.cpp:25]   --->   Operation 30 'getelementptr' 'gmem2_addr' <Predicate = (icmp_ln25)> <Delay = 0.00>
ST_2 : Operation 31 [7/7] (7.30ns)   --->   "%empty_65 = readreq i1 @_ssdm_op_ReadReq.m_axi.p1i32, i32 %gmem2_addr, i32 %dataSize" [kernel.cpp:25]   --->   Operation 31 'readreq' 'empty_65' <Predicate = (icmp_ln25)> <Delay = 7.30> <CoreInst = "m_axi">   --->   Core 121 'm_axi' <Latency = 5> <II = 1> <Delay = 1.00> <Adapter> <Opcode : 'read' 'write' 'readreq' 'writereq' 'writeresp'>
ST_2 : Operation 32 [1/1] (0.42ns)   --->   "%store_ln25 = store i31 0, i31 %i" [kernel.cpp:25]   --->   Operation 32 'store' 'store_ln25' <Predicate = (icmp_ln25)> <Delay = 0.42>

State 3 <SV = 2> <Delay = 7.30>
ST_3 : Operation 33 [6/7] (7.30ns)   --->   "%empty = readreq i1 @_ssdm_op_ReadReq.m_axi.p1i32, i32 %gmem1_addr, i32 %dataSize" [kernel.cpp:25]   --->   Operation 33 'readreq' 'empty' <Predicate = true> <Delay = 7.30> <CoreInst = "m_axi">   --->   Core 121 'm_axi' <Latency = 5> <II = 1> <Delay = 1.00> <Adapter> <Opcode : 'read' 'write' 'readreq' 'writereq' 'writeresp'>
ST_3 : Operation 34 [6/7] (7.30ns)   --->   "%empty_65 = readreq i1 @_ssdm_op_ReadReq.m_axi.p1i32, i32 %gmem2_addr, i32 %dataSize" [kernel.cpp:25]   --->   Operation 34 'readreq' 'empty_65' <Predicate = true> <Delay = 7.30> <CoreInst = "m_axi">   --->   Core 121 'm_axi' <Latency = 5> <II = 1> <Delay = 1.00> <Adapter> <Opcode : 'read' 'write' 'readreq' 'writereq' 'writeresp'>

State 4 <SV = 3> <Delay = 7.30>
ST_4 : Operation 35 [5/7] (7.30ns)   --->   "%empty = readreq i1 @_ssdm_op_ReadReq.m_axi.p1i32, i32 %gmem1_addr, i32 %dataSize" [kernel.cpp:25]   --->   Operation 35 'readreq' 'empty' <Predicate = true> <Delay = 7.30> <CoreInst = "m_axi">   --->   Core 121 'm_axi' <Latency = 5> <II = 1> <Delay = 1.00> <Adapter> <Opcode : 'read' 'write' 'readreq' 'writereq' 'writeresp'>
ST_4 : Operation 36 [5/7] (7.30ns)   --->   "%empty_65 = readreq i1 @_ssdm_op_ReadReq.m_axi.p1i32, i32 %gmem2_addr, i32 %dataSize" [kernel.cpp:25]   --->   Operation 36 'readreq' 'empty_65' <Predicate = true> <Delay = 7.30> <CoreInst = "m_axi">   --->   Core 121 'm_axi' <Latency = 5> <II = 1> <Delay = 1.00> <Adapter> <Opcode : 'read' 'write' 'readreq' 'writereq' 'writeresp'>

State 5 <SV = 4> <Delay = 7.30>
ST_5 : Operation 37 [4/7] (7.30ns)   --->   "%empty = readreq i1 @_ssdm_op_ReadReq.m_axi.p1i32, i32 %gmem1_addr, i32 %dataSize" [kernel.cpp:25]   --->   Operation 37 'readreq' 'empty' <Predicate = true> <Delay = 7.30> <CoreInst = "m_axi">   --->   Core 121 'm_axi' <Latency = 5> <II = 1> <Delay = 1.00> <Adapter> <Opcode : 'read' 'write' 'readreq' 'writereq' 'writeresp'>
ST_5 : Operation 38 [4/7] (7.30ns)   --->   "%empty_65 = readreq i1 @_ssdm_op_ReadReq.m_axi.p1i32, i32 %gmem2_addr, i32 %dataSize" [kernel.cpp:25]   --->   Operation 38 'readreq' 'empty_65' <Predicate = true> <Delay = 7.30> <CoreInst = "m_axi">   --->   Core 121 'm_axi' <Latency = 5> <II = 1> <Delay = 1.00> <Adapter> <Opcode : 'read' 'write' 'readreq' 'writereq' 'writeresp'>

State 6 <SV = 5> <Delay = 7.30>
ST_6 : Operation 39 [3/7] (7.30ns)   --->   "%empty = readreq i1 @_ssdm_op_ReadReq.m_axi.p1i32, i32 %gmem1_addr, i32 %dataSize" [kernel.cpp:25]   --->   Operation 39 'readreq' 'empty' <Predicate = true> <Delay = 7.30> <CoreInst = "m_axi">   --->   Core 121 'm_axi' <Latency = 5> <II = 1> <Delay = 1.00> <Adapter> <Opcode : 'read' 'write' 'readreq' 'writereq' 'writeresp'>
ST_6 : Operation 40 [3/7] (7.30ns)   --->   "%empty_65 = readreq i1 @_ssdm_op_ReadReq.m_axi.p1i32, i32 %gmem2_addr, i32 %dataSize" [kernel.cpp:25]   --->   Operation 40 'readreq' 'empty_65' <Predicate = true> <Delay = 7.30> <CoreInst = "m_axi">   --->   Core 121 'm_axi' <Latency = 5> <II = 1> <Delay = 1.00> <Adapter> <Opcode : 'read' 'write' 'readreq' 'writereq' 'writeresp'>

State 7 <SV = 6> <Delay = 7.30>
ST_7 : Operation 41 [2/7] (7.30ns)   --->   "%empty = readreq i1 @_ssdm_op_ReadReq.m_axi.p1i32, i32 %gmem1_addr, i32 %dataSize" [kernel.cpp:25]   --->   Operation 41 'readreq' 'empty' <Predicate = true> <Delay = 7.30> <CoreInst = "m_axi">   --->   Core 121 'm_axi' <Latency = 5> <II = 1> <Delay = 1.00> <Adapter> <Opcode : 'read' 'write' 'readreq' 'writereq' 'writeresp'>
ST_7 : Operation 42 [2/7] (7.30ns)   --->   "%empty_65 = readreq i1 @_ssdm_op_ReadReq.m_axi.p1i32, i32 %gmem2_addr, i32 %dataSize" [kernel.cpp:25]   --->   Operation 42 'readreq' 'empty_65' <Predicate = true> <Delay = 7.30> <CoreInst = "m_axi">   --->   Core 121 'm_axi' <Latency = 5> <II = 1> <Delay = 1.00> <Adapter> <Opcode : 'read' 'write' 'readreq' 'writereq' 'writeresp'>

State 8 <SV = 7> <Delay = 7.30>
ST_8 : Operation 43 [1/1] (0.00ns)   --->   "%trunc_ln25_2 = bitconcatenate i31 @_ssdm_op_BitConcatenate.i31.i30.i1, i30 %trunc_ln23, i1 0" [kernel.cpp:25]   --->   Operation 43 'bitconcatenate' 'trunc_ln25_2' <Predicate = true> <Delay = 0.00>
ST_8 : Operation 44 [1/7] (7.30ns)   --->   "%empty = readreq i1 @_ssdm_op_ReadReq.m_axi.p1i32, i32 %gmem1_addr, i32 %dataSize" [kernel.cpp:25]   --->   Operation 44 'readreq' 'empty' <Predicate = true> <Delay = 7.30> <CoreInst = "m_axi">   --->   Core 121 'm_axi' <Latency = 5> <II = 1> <Delay = 1.00> <Adapter> <Opcode : 'read' 'write' 'readreq' 'writereq' 'writeresp'>
ST_8 : Operation 45 [1/7] (7.30ns)   --->   "%empty_65 = readreq i1 @_ssdm_op_ReadReq.m_axi.p1i32, i32 %gmem2_addr, i32 %dataSize" [kernel.cpp:25]   --->   Operation 45 'readreq' 'empty_65' <Predicate = true> <Delay = 7.30> <CoreInst = "m_axi">   --->   Core 121 'm_axi' <Latency = 5> <II = 1> <Delay = 1.00> <Adapter> <Opcode : 'read' 'write' 'readreq' 'writereq' 'writeresp'>
ST_8 : Operation 46 [1/1] (0.00ns)   --->   "%br_ln25 = br void" [kernel.cpp:25]   --->   Operation 46 'br' 'br_ln25' <Predicate = true> <Delay = 0.00>

State 9 <SV = 8> <Delay = 1.43>
ST_9 : Operation 47 [1/1] (0.00ns)   --->   "%i_12 = load i31 %i" [kernel.cpp:25]   --->   Operation 47 'load' 'i_12' <Predicate = (icmp_ln25)> <Delay = 0.00>
ST_9 : Operation 48 [1/1] (0.99ns)   --->   "%icmp_ln25_1 = icmp_eq  i31 %i_12, i31 %trunc_ln25_2" [kernel.cpp:25]   --->   Operation 48 'icmp' 'icmp_ln25_1' <Predicate = (icmp_ln25)> <Delay = 0.99> <CoreInst = "Cmp">   --->   Core 9 'Cmp' <Latency = 0> <II = 1> <Delay = 0.99> <FuncUnit> <Opcode : 'icmp'> <InPorts = 2> <OutPorts = 1>
ST_9 : Operation 49 [1/1] (0.00ns)   --->   "%empty_66 = speclooptripcount i32 @_ssdm_op_SpecLoopTripCount, i64 1, i64 18446744073709551615, i64 0"   --->   Operation 49 'speclooptripcount' 'empty_66' <Predicate = (icmp_ln25)> <Delay = 0.00>
ST_9 : Operation 50 [1/1] (1.00ns)   --->   "%add_ln25 = add i31 %i_12, i31 1" [kernel.cpp:25]   --->   Operation 50 'add' 'add_ln25' <Predicate = (icmp_ln25)> <Delay = 1.00> <CoreInst = "Adder">   --->   Core 1 'Adder' <Latency = 0> <II = 1> <Delay = 1.00> <FuncUnit> <Opcode : 'add' 'sub'> <InPorts = 2> <OutPorts = 1>
ST_9 : Operation 51 [1/1] (0.00ns)   --->   "%br_ln25 = br i1 %icmp_ln25_1, void %.split, void %._crit_edge.loopexit" [kernel.cpp:25]   --->   Operation 51 'br' 'br_ln25' <Predicate = (icmp_ln25)> <Delay = 0.00>
ST_9 : Operation 52 [1/1] (0.42ns)   --->   "%store_ln25 = store i31 %add_ln25, i31 %i" [kernel.cpp:25]   --->   Operation 52 'store' 'store_ln25' <Predicate = (icmp_ln25 & !icmp_ln25_1)> <Delay = 0.42>
ST_9 : Operation 53 [1/1] (0.00ns)   --->   "%br_ln0 = br void %._crit_edge"   --->   Operation 53 'br' 'br_ln0' <Predicate = (icmp_ln25 & icmp_ln25_1)> <Delay = 0.00>
ST_9 : Operation 54 [1/1] (0.00ns)   --->   "%ret_ln29 = ret" [kernel.cpp:29]   --->   Operation 54 'ret' 'ret_ln29' <Predicate = (icmp_ln25_1) | (!icmp_ln25)> <Delay = 0.00>

State 10 <SV = 9> <Delay = 7.30>
ST_10 : Operation 55 [1/1] (7.30ns)   --->   "%gmem1_addr_read = read i32 @_ssdm_op_Read.m_axi.p1i32, i32 %gmem1_addr" [D:/Xilinx/Vitis_HLS/2021.1/common/technology/autopilot/hls_stream_39.h:174]   --->   Operation 55 'read' 'gmem1_addr_read' <Predicate = true> <Delay = 7.30> <CoreInst = "m_axi">   --->   Core 121 'm_axi' <Latency = 6> <II = 1> <Delay = 1.00> <Adapter> <Opcode : 'read' 'write' 'readreq' 'writereq' 'writeresp'>
ST_10 : Operation 56 [1/1] (7.30ns)   --->   "%gmem2_addr_read = read i32 @_ssdm_op_Read.m_axi.p1i32, i32 %gmem2_addr" [D:/Xilinx/Vitis_HLS/2021.1/common/technology/autopilot/hls_stream_39.h:174]   --->   Operation 56 'read' 'gmem2_addr_read' <Predicate = true> <Delay = 7.30> <CoreInst = "m_axi">   --->   Core 121 'm_axi' <Latency = 6> <II = 1> <Delay = 1.00> <Adapter> <Opcode : 'read' 'write' 'readreq' 'writereq' 'writeresp'>

State 11 <SV = 10> <Delay = 1.63>
ST_11 : Operation 57 [1/1] (0.00ns)   --->   "%specloopname_ln25 = specloopname void @_ssdm_op_SpecLoopName, void @empty_5" [kernel.cpp:25]   --->   Operation 57 'specloopname' 'specloopname_ln25' <Predicate = true> <Delay = 0.00>
ST_11 : Operation 58 [1/1] (1.63ns)   --->   "%write_ln174 = write void @_ssdm_op_Write.ap_fifo.volatile.i32P0A, i32 %fifoMatrixAIdx12, i32 %gmem1_addr_read" [D:/Xilinx/Vitis_HLS/2021.1/common/technology/autopilot/hls_stream_39.h:174]   --->   Operation 58 'write' 'write_ln174' <Predicate = true> <Delay = 1.63> <CoreInst = "FIFO_SRL">   --->   Core 81 'FIFO_SRL' <Latency = 0> <II = 1> <Delay = 1.63> <Storage> <Opcode : 'read' 'write' 'nbread' 'nbwrite'> <Ports = 0> <Width = 32> <Depth = 32> <FIFO>
ST_11 : Operation 59 [1/1] (1.63ns)   --->   "%write_ln174 = write void @_ssdm_op_Write.ap_fifo.volatile.i32P0A, i32 %fifoMatrixA13, i32 %gmem2_addr_read" [D:/Xilinx/Vitis_HLS/2021.1/common/technology/autopilot/hls_stream_39.h:174]   --->   Operation 59 'write' 'write_ln174' <Predicate = true> <Delay = 1.63> <CoreInst = "FIFO_SRL">   --->   Core 81 'FIFO_SRL' <Latency = 0> <II = 1> <Delay = 1.63> <Storage> <Opcode : 'read' 'write' 'nbread' 'nbwrite'> <Ports = 0> <Width = 32> <Depth = 32> <FIFO>
ST_11 : Operation 60 [1/1] (0.00ns)   --->   "%br_ln0 = br void"   --->   Operation 60 'br' 'br_ln0' <Predicate = true> <Delay = 0.00>


============================================================
+ Verbose Summary: Timing violations
============================================================
Target clock period: 10ns, clock uncertainty: 2.7ns.

 <State 1>: 0.991ns
The critical path consists of the following:
	wire read operation ('lenEdgePtr_read', kernel.cpp:23) on port 'lenEdgePtr' (kernel.cpp:23) [14]  (0 ns)
	'shl' operation ('dataSize', kernel.cpp:23) [16]  (0 ns)
	'icmp' operation ('icmp_ln25', kernel.cpp:25) [17]  (0.991 ns)

 <State 2>: 7.3ns
The critical path consists of the following:
	wire read operation ('matrixA_hls_idx_read', kernel.cpp:23) on port 'matrixA_hls_idx' (kernel.cpp:23) [13]  (0 ns)
	'getelementptr' operation ('gmem1_addr', kernel.cpp:25) [24]  (0 ns)
	bus request operation ('empty', kernel.cpp:25) on port 'gmem1' (kernel.cpp:25) [25]  (7.3 ns)

 <State 3>: 7.3ns
The critical path consists of the following:
	bus request operation ('empty', kernel.cpp:25) on port 'gmem1' (kernel.cpp:25) [25]  (7.3 ns)

 <State 4>: 7.3ns
The critical path consists of the following:
	bus request operation ('empty', kernel.cpp:25) on port 'gmem1' (kernel.cpp:25) [25]  (7.3 ns)

 <State 5>: 7.3ns
The critical path consists of the following:
	bus request operation ('empty', kernel.cpp:25) on port 'gmem1' (kernel.cpp:25) [25]  (7.3 ns)

 <State 6>: 7.3ns
The critical path consists of the following:
	bus request operation ('empty', kernel.cpp:25) on port 'gmem1' (kernel.cpp:25) [25]  (7.3 ns)

 <State 7>: 7.3ns
The critical path consists of the following:
	bus request operation ('empty', kernel.cpp:25) on port 'gmem1' (kernel.cpp:25) [25]  (7.3 ns)

 <State 8>: 7.3ns
The critical path consists of the following:
	bus request operation ('empty', kernel.cpp:25) on port 'gmem1' (kernel.cpp:25) [25]  (7.3 ns)

 <State 9>: 1.43ns
The critical path consists of the following:
	'load' operation ('i', kernel.cpp:25) on local variable 'i' [33]  (0 ns)
	'add' operation ('add_ln25', kernel.cpp:25) [36]  (1.01 ns)
	'store' operation ('store_ln25', kernel.cpp:25) of variable 'add_ln25', kernel.cpp:25 on local variable 'i' [44]  (0.427 ns)

 <State 10>: 7.3ns
The critical path consists of the following:
	bus read operation ('gmem1_addr_read', D:/Xilinx/Vitis_HLS/2021.1/common/technology/autopilot/hls_stream_39.h:174) on port 'gmem1' (D:/Xilinx/Vitis_HLS/2021.1/common/technology/autopilot/hls_stream_39.h:174) [40]  (7.3 ns)

 <State 11>: 1.64ns
The critical path consists of the following:
	fifo write operation ('write_ln174', D:/Xilinx/Vitis_HLS/2021.1/common/technology/autopilot/hls_stream_39.h:174) on port 'fifoMatrixAIdx12' (D:/Xilinx/Vitis_HLS/2021.1/common/technology/autopilot/hls_stream_39.h:174) [41]  (1.64 ns)


============================================================
+ Verbose Summary: Binding
============================================================
N/A
* FSMD analyzer results:
  - Output states:
 - Input state : 
  - Chain level:
	State 1
	State 2
	State 3
	State 4
	State 5
	State 6
	State 7
	State 8
	State 9
	State 10
	State 11


============================================================
+ Verbose Summary: Datapath Resource usage 
============================================================
N/A
