

================================================================
== Vitis HLS Report for 'sort_C'
================================================================
* Date:           Thu Jun  8 15:00:06 2023

* Version:        2021.1 (Build 3247384 on Thu Jun 10 19:36:33 MDT 2021)
* Project:        kernel_acc
* Solution:       solution1 (Vivado IP Flow Target)
* Product family: zynquplus
* Target device:  xczu7ev-ffvc1156-2-e


================================================================
== Performance Estimates
================================================================
+ Timing: 
    * Summary: 
    +--------+----------+----------+------------+
    |  Clock |  Target  | Estimated| Uncertainty|
    +--------+----------+----------+------------+
    |ap_clk  |  10.00 ns|  7.280 ns|     2.70 ns|
    +--------+----------+----------+------------+

+ Latency: 
    * Summary: 
    +---------+---------+----------+----------+-----+-----+---------+
    |  Latency (cycles) |  Latency (absolute) |  Interval | Pipeline|
    |   min   |   max   |    min   |    max   | min | max |   Type  |
    +---------+---------+----------+----------+-----+-----+---------+
    |        ?|        ?|         ?|         ?|    ?|    ?|       no|
    +---------+---------+----------+----------+-----+-----+---------+

    + Detail: 
        * Instance: 
        +----------------------------------------------------------+-----------------------------------------------+---------+---------+----------+----------+-----+-----+---------+
        |                                                          |                                               |  Latency (cycles) |  Latency (absolute) |  Interval | Pipeline|
        |                         Instance                         |                     Module                    |   min   |   max   |    min   |    max   | min | max |   Type  |
        +----------------------------------------------------------+-----------------------------------------------+---------+---------+----------+----------+-----+-----+---------+
        |grp_sort_C_Pipeline_loop_diff_window_loop_diff_pe_fu_475  |sort_C_Pipeline_loop_diff_window_loop_diff_pe  |        ?|        ?|         ?|         ?|    ?|    ?|       no|
        +----------------------------------------------------------+-----------------------------------------------+---------+---------+----------+----------+-----+-----+---------+

        * Loop: 
        +---------------------+---------+---------+----------+-----------+-----------+------+----------+
        |                     |  Latency (cycles) | Iteration|  Initiation Interval  | Trip |          |
        |      Loop Name      |   min   |   max   |  Latency |  achieved |   target  | Count| Pipelined|
        +---------------------+---------+---------+----------+-----------+-----------+------+----------+
        |- VITIS_LOOP_135_1   |      144|      144|        18|          -|          -|     8|        no|
        | + VITIS_LOOP_136_2  |       16|       16|         2|          -|          -|     8|        no|
        |- loop_repeat_iter   |        ?|        ?|         ?|          -|          -|     ?|        no|
        |- VITIS_LOOP_168_3   |      152|      152|        19|          -|          -|     8|        no|
        | + VITIS_LOOP_169_4  |       16|       16|         2|          -|          -|     8|        no|
        +---------------------+---------+---------+----------+-----------+-----------+------+----------+



================================================================
== Utilization Estimates
================================================================
* Summary: 
+-----------------+---------+------+--------+--------+-----+
|       Name      | BRAM_18K|  DSP |   FF   |   LUT  | URAM|
+-----------------+---------+------+--------+--------+-----+
|DSP              |        -|     -|       -|       -|    -|
|Expression       |        -|     -|       0|    1433|    -|
|FIFO             |        -|     -|       -|       -|    -|
|Instance         |        -|     -|    1306|    6164|    -|
|Memory           |        0|     -|     512|      32|    0|
|Multiplexer      |        -|     -|       -|     840|    -|
|Register         |        -|     -|     557|       -|    -|
+-----------------+---------+------+--------+--------+-----+
|Total            |        0|     0|    2375|    8469|    0|
+-----------------+---------+------+--------+--------+-----+
|Available        |      624|  1728|  460800|  230400|   96|
+-----------------+---------+------+--------+--------+-----+
|Utilization (%)  |        0|     0|      ~0|       3|    0|
+-----------------+---------+------+--------+--------+-----+

+ Detail: 
    * Instance: 
    +----------------------------------------------------------+-----------------------------------------------+---------+----+------+------+-----+
    |                         Instance                         |                     Module                    | BRAM_18K| DSP|  FF  |  LUT | URAM|
    +----------------------------------------------------------+-----------------------------------------------+---------+----+------+------+-----+
    |mux_83_32_1_1_U31                                         |mux_83_32_1_1                                  |        0|   0|     0|    43|    0|
    |grp_sort_C_Pipeline_loop_diff_window_loop_diff_pe_fu_475  |sort_C_Pipeline_loop_diff_window_loop_diff_pe  |        0|   0|  1306|  6121|    0|
    +----------------------------------------------------------+-----------------------------------------------+---------+----+------+------+-----+
    |Total                                                     |                                               |        0|   0|  1306|  6164|    0|
    +----------------------------------------------------------+-----------------------------------------------+---------+----+------+------+-----+

    * DSP: 
    N/A

    * Memory: 
    +----------------------+--------------------+---------+----+----+-----+------+-----+------+-------------+
    |        Memory        |       Module       | BRAM_18K| FF | LUT| URAM| Words| Bits| Banks| W*Bits*Banks|
    +----------------------+--------------------+---------+----+----+-----+------+-----+------+-------------+
    |matrixC_buffer_V_0_U  |matrixC_buffer_V_0  |        0|  64|   4|    0|     8|   32|     1|          256|
    |matrixC_buffer_V_1_U  |matrixC_buffer_V_0  |        0|  64|   4|    0|     8|   32|     1|          256|
    |matrixC_buffer_V_2_U  |matrixC_buffer_V_0  |        0|  64|   4|    0|     8|   32|     1|          256|
    |matrixC_buffer_V_3_U  |matrixC_buffer_V_0  |        0|  64|   4|    0|     8|   32|     1|          256|
    |matrixC_buffer_V_4_U  |matrixC_buffer_V_0  |        0|  64|   4|    0|     8|   32|     1|          256|
    |matrixC_buffer_V_5_U  |matrixC_buffer_V_0  |        0|  64|   4|    0|     8|   32|     1|          256|
    |matrixC_buffer_V_6_U  |matrixC_buffer_V_0  |        0|  64|   4|    0|     8|   32|     1|          256|
    |matrixC_buffer_V_7_U  |matrixC_buffer_V_0  |        0|  64|   4|    0|     8|   32|     1|          256|
    +----------------------+--------------------+---------+----+----+-----+------+-----+------+-------------+
    |Total                 |                    |        0| 512|  32|    0|    64|  256|     8|         2048|
    +----------------------+--------------------+---------+----+----+-----+------+-----+------+-------------+

    * FIFO: 
    N/A

    * Expression: 
    +----------------------------------+----------+----+---+-----+------------+------------+
    |           Variable Name          | Operation| DSP| FF| LUT | Bitwidth P0| Bitwidth P1|
    +----------------------------------+----------+----+---+-----+------------+------------+
    |add_ln1011_fu_864_p2              |         +|   0|  0|   39|          32|           6|
    |add_ln1017_fu_969_p2              |         +|   0|  0|   19|           8|           8|
    |add_ln135_fu_546_p2               |         +|   0|  0|   12|           4|           1|
    |add_ln136_fu_573_p2               |         +|   0|  0|   12|           4|           1|
    |add_ln143_fu_552_p2               |         +|   0|  0|   39|          32|           2|
    |add_ln168_fu_670_p2               |         +|   0|  0|   12|           4|           1|
    |add_ln169_fu_682_p2               |         +|   0|  0|   12|           4|           1|
    |iter_2_fu_599_p2                  |         +|   0|  0|   38|          31|           1|
    |lsb_index_fu_758_p2               |         +|   0|  0|   39|          32|           6|
    |m_3_fu_922_p2                     |         +|   0|  0|   71|          64|          64|
    |sub_ln1000_fu_784_p2              |         -|   0|  0|   13|           4|           6|
    |sub_ln1012_fu_886_p2              |         -|   0|  0|   39|           5|          32|
    |sub_ln1017_fu_964_p2              |         -|   0|  0|   19|           5|           8|
    |sub_ln148_fu_630_p2               |         -|   0|  0|   39|          32|          32|
    |sub_ln997_fu_752_p2               |         -|   0|  0|   39|           6|          32|
    |tmp_V_fu_720_p2                   |         -|   0|  0|   39|           1|          32|
    |and_ln1002_1_fu_880_p2            |       and|   0|  0|    2|           1|           1|
    |and_ln1002_fu_812_p2              |       and|   0|  0|   32|          32|          32|
    |ap_block_state2                   |       and|   0|  0|    2|           1|           1|
    |ap_block_state5                   |       and|   0|  0|    2|           1|           1|
    |ap_predicate_op261_write_state11  |       and|   0|  0|    2|           1|           1|
    |empty_24_fu_618_p2                |      icmp|   0|  0|   20|          32|          32|
    |icmp_ln1002_fu_818_p2             |      icmp|   0|  0|   20|          32|           1|
    |icmp_ln1011_fu_850_p2             |      icmp|   0|  0|   20|          32|           1|
    |icmp_ln135_fu_540_p2              |      icmp|   0|  0|    9|           4|           5|
    |icmp_ln136_fu_567_p2              |      icmp|   0|  0|    9|           4|           5|
    |icmp_ln143_fu_594_p2              |      icmp|   0|  0|   20|          32|          32|
    |icmp_ln168_fu_664_p2              |      icmp|   0|  0|    9|           4|           5|
    |icmp_ln169_fu_676_p2              |      icmp|   0|  0|    9|           4|           5|
    |icmp_ln988_fu_706_p2              |      icmp|   0|  0|   20|          32|           1|
    |icmp_ln999_fu_774_p2              |      icmp|   0|  0|   19|          31|           1|
    |lshr_ln1000_fu_794_p2             |      lshr|   0|  0|   96|           2|          32|
    |lshr_ln1011_fu_874_p2             |      lshr|   0|  0|  179|          64|          64|
    |ap_block_state11                  |        or|   0|  0|    2|           1|           1|
    |or_ln1002_1_fu_806_p2             |        or|   0|  0|   32|          32|          32|
    |m_2_fu_910_p3                     |    select|   0|  0|   64|           1|          64|
    |select_ln1011_fu_902_p3           |    select|   0|  0|    2|           1|           1|
    |select_ln988_fu_1002_p3           |    select|   0|  0|   32|           1|           1|
    |select_ln996_fu_957_p3            |    select|   0|  0|    7|           1|           7|
    |select_ln999_fu_856_p3            |    select|   0|  0|    2|           1|           1|
    |smax_fu_623_p3                    |    select|   0|  0|   32|           1|          32|
    |tmp_V_2_fu_726_p3                 |    select|   0|  0|   32|           1|          32|
    |shl_ln1002_fu_800_p2              |       shl|   0|  0|   96|           1|          32|
    |shl_ln1012_fu_896_p2              |       shl|   0|  0|  179|          64|          64|
    |xor_ln1002_fu_836_p2              |       xor|   0|  0|    2|           1|           2|
    +----------------------------------+----------+----+---+-----+------------+------------+
    |Total                             |          |   0|  0| 1433|         683|         722|
    +----------------------------------+----------+----+---+-----+------------+------------+

    * Multiplexer: 
    +-----------------------------+----+-----------+-----+-----------+
    |             Name            | LUT| Input Size| Bits| Total Bits|
    +-----------------------------+----+-----------+-----+-----------+
    |ap_NS_fsm                    |  65|         12|    1|         12|
    |fifoCalcMatrixC_i_0_V_read   |   9|          2|    1|          2|
    |fifoCalcMatrixC_i_1_V_read   |   9|          2|    1|          2|
    |fifoCalcMatrixC_i_2_V_read   |   9|          2|    1|          2|
    |fifoCalcMatrixC_i_3_V_read   |   9|          2|    1|          2|
    |fifoCalcMatrixC_i_4_V_read   |   9|          2|    1|          2|
    |fifoCalcMatrixC_i_5_V_read   |   9|          2|    1|          2|
    |fifoCalcMatrixC_i_6_V_read   |   9|          2|    1|          2|
    |fifoCalcMatrixC_i_7_V_read   |   9|          2|    1|          2|
    |fifoEdgeListPtr_i_V_blk_n    |   9|          2|    1|          2|
    |fifoMatrixCIdx_i_0_V_read    |   9|          2|    1|          2|
    |fifoMatrixCIdx_i_1_V_read    |   9|          2|    1|          2|
    |fifoMatrixCIdx_i_2_V_read    |   9|          2|    1|          2|
    |fifoMatrixCIdx_i_3_V_read    |   9|          2|    1|          2|
    |fifoMatrixCIdx_i_4_V_read    |   9|          2|    1|          2|
    |fifoMatrixCIdx_i_5_V_read    |   9|          2|    1|          2|
    |fifoMatrixCIdx_i_6_V_read    |   9|          2|    1|          2|
    |fifoMatrixCIdx_i_7_V_read    |   9|          2|    1|          2|
    |fifoSortMatrixC_o_0_V_blk_n  |   9|          2|    1|          2|
    |fifoSortMatrixC_o_1_V_blk_n  |   9|          2|    1|          2|
    |fifoSortMatrixC_o_2_V_blk_n  |   9|          2|    1|          2|
    |fifoSortMatrixC_o_3_V_blk_n  |   9|          2|    1|          2|
    |fifoSortMatrixC_o_4_V_blk_n  |   9|          2|    1|          2|
    |fifoSortMatrixC_o_5_V_blk_n  |   9|          2|    1|          2|
    |fifoSortMatrixC_o_6_V_blk_n  |   9|          2|    1|          2|
    |fifoSortMatrixC_o_7_V_blk_n  |   9|          2|    1|          2|
    |i_1_fu_224                   |   9|          2|   32|         64|
    |i_2_fu_228                   |   9|          2|    4|          8|
    |i_fu_184                     |   9|          2|    4|          8|
    |iter_fu_220                  |   9|          2|   31|         62|
    |j_1_reg_463                  |   9|          2|    4|          8|
    |j_reg_452                    |   9|          2|    4|          8|
    |matrixC_buffer_V_0_address0  |  20|          4|    3|         12|
    |matrixC_buffer_V_0_ce0       |  14|          3|    1|          3|
    |matrixC_buffer_V_0_d0        |  14|          3|   32|         96|
    |matrixC_buffer_V_0_we0       |  14|          3|    1|          3|
    |matrixC_buffer_V_1_address0  |  20|          4|    3|         12|
    |matrixC_buffer_V_1_ce0       |  14|          3|    1|          3|
    |matrixC_buffer_V_1_d0        |  14|          3|   32|         96|
    |matrixC_buffer_V_1_we0       |  14|          3|    1|          3|
    |matrixC_buffer_V_2_address0  |  20|          4|    3|         12|
    |matrixC_buffer_V_2_ce0       |  14|          3|    1|          3|
    |matrixC_buffer_V_2_d0        |  14|          3|   32|         96|
    |matrixC_buffer_V_2_we0       |  14|          3|    1|          3|
    |matrixC_buffer_V_3_address0  |  20|          4|    3|         12|
    |matrixC_buffer_V_3_ce0       |  14|          3|    1|          3|
    |matrixC_buffer_V_3_d0        |  14|          3|   32|         96|
    |matrixC_buffer_V_3_we0       |  14|          3|    1|          3|
    |matrixC_buffer_V_4_address0  |  20|          4|    3|         12|
    |matrixC_buffer_V_4_ce0       |  14|          3|    1|          3|
    |matrixC_buffer_V_4_d0        |  14|          3|   32|         96|
    |matrixC_buffer_V_4_we0       |  14|          3|    1|          3|
    |matrixC_buffer_V_5_address0  |  20|          4|    3|         12|
    |matrixC_buffer_V_5_ce0       |  14|          3|    1|          3|
    |matrixC_buffer_V_5_d0        |  14|          3|   32|         96|
    |matrixC_buffer_V_5_we0       |  14|          3|    1|          3|
    |matrixC_buffer_V_6_address0  |  20|          4|    3|         12|
    |matrixC_buffer_V_6_ce0       |  14|          3|    1|          3|
    |matrixC_buffer_V_6_d0        |  14|          3|   32|         96|
    |matrixC_buffer_V_6_we0       |  14|          3|    1|          3|
    |matrixC_buffer_V_7_address0  |  20|          4|    3|         12|
    |matrixC_buffer_V_7_ce0       |  14|          3|    1|          3|
    |matrixC_buffer_V_7_d0        |  14|          3|   32|         96|
    |matrixC_buffer_V_7_we0       |  14|          3|    1|          3|
    +-----------------------------+----+-----------+-----+-----------+
    |Total                        | 840|        178|  401|       1132|
    +-----------------------------+----+-----------+-----+-----------+

    * Register: 
    +-----------------------------------------------------------------------+----+----+-----+-----------+
    |                                  Name                                 | FF | LUT| Bits| Const Bits|
    +-----------------------------------------------------------------------+----+----+-----+-----------+
    |add_ln135_reg_1064                                                     |   4|   0|    4|          0|
    |add_ln136_reg_1131                                                     |   4|   0|    4|          0|
    |add_ln143_reg_1123                                                     |  32|   0|   32|          0|
    |add_ln168_reg_1164                                                     |   4|   0|    4|          0|
    |add_ln169_reg_1252                                                     |   4|   0|    4|          0|
    |ap_CS_fsm                                                              |  11|   0|   11|          0|
    |grp_sort_C_Pipeline_loop_diff_window_loop_diff_pe_fu_475_ap_start_reg  |   1|   0|    1|          0|
    |i_1_fu_224                                                             |  32|   0|   32|          0|
    |i_2_fu_228                                                             |   4|   0|    4|          0|
    |i_fu_184                                                               |   4|   0|    4|          0|
    |icmp_ln988_reg_1257                                                    |   1|   0|    1|          0|
    |iter_fu_220                                                            |  31|   0|   31|          0|
    |j_1_reg_463                                                            |   4|   0|    4|          0|
    |j_reg_452                                                              |   4|   0|    4|          0|
    |m_4_reg_1267                                                           |  63|   0|   63|          0|
    |matrixC_buffer_V_0_addr_reg_1069                                       |   3|   0|    3|          0|
    |matrixC_buffer_V_0_load_reg_1209                                       |  32|   0|   32|          0|
    |matrixC_buffer_V_1_addr_reg_1074                                       |   3|   0|    3|          0|
    |matrixC_buffer_V_1_load_reg_1214                                       |  32|   0|   32|          0|
    |matrixC_buffer_V_2_addr_reg_1079                                       |   3|   0|    3|          0|
    |matrixC_buffer_V_2_load_reg_1219                                       |  32|   0|   32|          0|
    |matrixC_buffer_V_3_addr_reg_1084                                       |   3|   0|    3|          0|
    |matrixC_buffer_V_3_load_reg_1224                                       |  32|   0|   32|          0|
    |matrixC_buffer_V_4_addr_reg_1089                                       |   3|   0|    3|          0|
    |matrixC_buffer_V_4_load_reg_1229                                       |  32|   0|   32|          0|
    |matrixC_buffer_V_5_addr_reg_1094                                       |   3|   0|    3|          0|
    |matrixC_buffer_V_5_load_reg_1234                                       |  32|   0|   32|          0|
    |matrixC_buffer_V_6_addr_reg_1099                                       |   3|   0|    3|          0|
    |matrixC_buffer_V_6_load_reg_1239                                       |  32|   0|   32|          0|
    |matrixC_buffer_V_7_addr_reg_1104                                       |   3|   0|    3|          0|
    |matrixC_buffer_V_7_load_reg_1244                                       |  32|   0|   32|          0|
    |p_Result_2_reg_1262                                                    |   1|   0|    1|          0|
    |p_Result_s_reg_1272                                                    |   1|   0|    1|          0|
    |tmp_47_reg_1142                                                        |  32|   0|   32|          0|
    |tmp_s_reg_1156                                                         |  32|   0|   34|          2|
    |trunc_ln996_reg_1277                                                   |   8|   0|    8|          0|
    +-----------------------------------------------------------------------+----+----+-----+-----------+
    |Total                                                                  | 557|   0|  559|          2|
    +-----------------------------------------------------------------------+----+----+-----+-----------+



================================================================
== Interface
================================================================
* Summary: 
+-------------------------------+-----+-----+------------+-----------------------+--------------+
|           RTL Ports           | Dir | Bits|  Protocol  |     Source Object     |    C Type    |
+-------------------------------+-----+-----+------------+-----------------------+--------------+
|ap_clk                         |   in|    1|  ap_ctrl_hs|                 sort_C|  return value|
|ap_rst                         |   in|    1|  ap_ctrl_hs|                 sort_C|  return value|
|ap_start                       |   in|    1|  ap_ctrl_hs|                 sort_C|  return value|
|ap_done                        |  out|    1|  ap_ctrl_hs|                 sort_C|  return value|
|ap_idle                        |  out|    1|  ap_ctrl_hs|                 sort_C|  return value|
|ap_ready                       |  out|    1|  ap_ctrl_hs|                 sort_C|  return value|
|lenEdgeListPtr                 |   in|   32|     ap_none|         lenEdgeListPtr|        scalar|
|fifoEdgeListPtr_i_V_dout       |   in|   32|     ap_fifo|    fifoEdgeListPtr_i_V|       pointer|
|fifoEdgeListPtr_i_V_empty_n    |   in|    1|     ap_fifo|    fifoEdgeListPtr_i_V|       pointer|
|fifoEdgeListPtr_i_V_read       |  out|    1|     ap_fifo|    fifoEdgeListPtr_i_V|       pointer|
|fifoMatrixCIdx_i_0_V_dout      |   in|   16|     ap_fifo|   fifoMatrixCIdx_i_0_V|       pointer|
|fifoMatrixCIdx_i_0_V_empty_n   |   in|    1|     ap_fifo|   fifoMatrixCIdx_i_0_V|       pointer|
|fifoMatrixCIdx_i_0_V_read      |  out|    1|     ap_fifo|   fifoMatrixCIdx_i_0_V|       pointer|
|fifoMatrixCIdx_i_1_V_dout      |   in|   16|     ap_fifo|   fifoMatrixCIdx_i_1_V|       pointer|
|fifoMatrixCIdx_i_1_V_empty_n   |   in|    1|     ap_fifo|   fifoMatrixCIdx_i_1_V|       pointer|
|fifoMatrixCIdx_i_1_V_read      |  out|    1|     ap_fifo|   fifoMatrixCIdx_i_1_V|       pointer|
|fifoMatrixCIdx_i_2_V_dout      |   in|   16|     ap_fifo|   fifoMatrixCIdx_i_2_V|       pointer|
|fifoMatrixCIdx_i_2_V_empty_n   |   in|    1|     ap_fifo|   fifoMatrixCIdx_i_2_V|       pointer|
|fifoMatrixCIdx_i_2_V_read      |  out|    1|     ap_fifo|   fifoMatrixCIdx_i_2_V|       pointer|
|fifoMatrixCIdx_i_3_V_dout      |   in|   16|     ap_fifo|   fifoMatrixCIdx_i_3_V|       pointer|
|fifoMatrixCIdx_i_3_V_empty_n   |   in|    1|     ap_fifo|   fifoMatrixCIdx_i_3_V|       pointer|
|fifoMatrixCIdx_i_3_V_read      |  out|    1|     ap_fifo|   fifoMatrixCIdx_i_3_V|       pointer|
|fifoMatrixCIdx_i_4_V_dout      |   in|   16|     ap_fifo|   fifoMatrixCIdx_i_4_V|       pointer|
|fifoMatrixCIdx_i_4_V_empty_n   |   in|    1|     ap_fifo|   fifoMatrixCIdx_i_4_V|       pointer|
|fifoMatrixCIdx_i_4_V_read      |  out|    1|     ap_fifo|   fifoMatrixCIdx_i_4_V|       pointer|
|fifoMatrixCIdx_i_5_V_dout      |   in|   16|     ap_fifo|   fifoMatrixCIdx_i_5_V|       pointer|
|fifoMatrixCIdx_i_5_V_empty_n   |   in|    1|     ap_fifo|   fifoMatrixCIdx_i_5_V|       pointer|
|fifoMatrixCIdx_i_5_V_read      |  out|    1|     ap_fifo|   fifoMatrixCIdx_i_5_V|       pointer|
|fifoMatrixCIdx_i_6_V_dout      |   in|   16|     ap_fifo|   fifoMatrixCIdx_i_6_V|       pointer|
|fifoMatrixCIdx_i_6_V_empty_n   |   in|    1|     ap_fifo|   fifoMatrixCIdx_i_6_V|       pointer|
|fifoMatrixCIdx_i_6_V_read      |  out|    1|     ap_fifo|   fifoMatrixCIdx_i_6_V|       pointer|
|fifoMatrixCIdx_i_7_V_dout      |   in|   16|     ap_fifo|   fifoMatrixCIdx_i_7_V|       pointer|
|fifoMatrixCIdx_i_7_V_empty_n   |   in|    1|     ap_fifo|   fifoMatrixCIdx_i_7_V|       pointer|
|fifoMatrixCIdx_i_7_V_read      |  out|    1|     ap_fifo|   fifoMatrixCIdx_i_7_V|       pointer|
|fifoCalcMatrixC_i_0_V_dout     |   in|   32|     ap_fifo|  fifoCalcMatrixC_i_0_V|       pointer|
|fifoCalcMatrixC_i_0_V_empty_n  |   in|    1|     ap_fifo|  fifoCalcMatrixC_i_0_V|       pointer|
|fifoCalcMatrixC_i_0_V_read     |  out|    1|     ap_fifo|  fifoCalcMatrixC_i_0_V|       pointer|
|fifoCalcMatrixC_i_1_V_dout     |   in|   32|     ap_fifo|  fifoCalcMatrixC_i_1_V|       pointer|
|fifoCalcMatrixC_i_1_V_empty_n  |   in|    1|     ap_fifo|  fifoCalcMatrixC_i_1_V|       pointer|
|fifoCalcMatrixC_i_1_V_read     |  out|    1|     ap_fifo|  fifoCalcMatrixC_i_1_V|       pointer|
|fifoCalcMatrixC_i_2_V_dout     |   in|   32|     ap_fifo|  fifoCalcMatrixC_i_2_V|       pointer|
|fifoCalcMatrixC_i_2_V_empty_n  |   in|    1|     ap_fifo|  fifoCalcMatrixC_i_2_V|       pointer|
|fifoCalcMatrixC_i_2_V_read     |  out|    1|     ap_fifo|  fifoCalcMatrixC_i_2_V|       pointer|
|fifoCalcMatrixC_i_3_V_dout     |   in|   32|     ap_fifo|  fifoCalcMatrixC_i_3_V|       pointer|
|fifoCalcMatrixC_i_3_V_empty_n  |   in|    1|     ap_fifo|  fifoCalcMatrixC_i_3_V|       pointer|
|fifoCalcMatrixC_i_3_V_read     |  out|    1|     ap_fifo|  fifoCalcMatrixC_i_3_V|       pointer|
|fifoCalcMatrixC_i_4_V_dout     |   in|   32|     ap_fifo|  fifoCalcMatrixC_i_4_V|       pointer|
|fifoCalcMatrixC_i_4_V_empty_n  |   in|    1|     ap_fifo|  fifoCalcMatrixC_i_4_V|       pointer|
|fifoCalcMatrixC_i_4_V_read     |  out|    1|     ap_fifo|  fifoCalcMatrixC_i_4_V|       pointer|
|fifoCalcMatrixC_i_5_V_dout     |   in|   32|     ap_fifo|  fifoCalcMatrixC_i_5_V|       pointer|
|fifoCalcMatrixC_i_5_V_empty_n  |   in|    1|     ap_fifo|  fifoCalcMatrixC_i_5_V|       pointer|
|fifoCalcMatrixC_i_5_V_read     |  out|    1|     ap_fifo|  fifoCalcMatrixC_i_5_V|       pointer|
|fifoCalcMatrixC_i_6_V_dout     |   in|   32|     ap_fifo|  fifoCalcMatrixC_i_6_V|       pointer|
|fifoCalcMatrixC_i_6_V_empty_n  |   in|    1|     ap_fifo|  fifoCalcMatrixC_i_6_V|       pointer|
|fifoCalcMatrixC_i_6_V_read     |  out|    1|     ap_fifo|  fifoCalcMatrixC_i_6_V|       pointer|
|fifoCalcMatrixC_i_7_V_dout     |   in|   32|     ap_fifo|  fifoCalcMatrixC_i_7_V|       pointer|
|fifoCalcMatrixC_i_7_V_empty_n  |   in|    1|     ap_fifo|  fifoCalcMatrixC_i_7_V|       pointer|
|fifoCalcMatrixC_i_7_V_read     |  out|    1|     ap_fifo|  fifoCalcMatrixC_i_7_V|       pointer|
|fifoSortMatrixC_o_0_V_din      |  out|   32|     ap_fifo|  fifoSortMatrixC_o_0_V|       pointer|
|fifoSortMatrixC_o_0_V_full_n   |   in|    1|     ap_fifo|  fifoSortMatrixC_o_0_V|       pointer|
|fifoSortMatrixC_o_0_V_write    |  out|    1|     ap_fifo|  fifoSortMatrixC_o_0_V|       pointer|
|fifoSortMatrixC_o_1_V_din      |  out|   32|     ap_fifo|  fifoSortMatrixC_o_1_V|       pointer|
|fifoSortMatrixC_o_1_V_full_n   |   in|    1|     ap_fifo|  fifoSortMatrixC_o_1_V|       pointer|
|fifoSortMatrixC_o_1_V_write    |  out|    1|     ap_fifo|  fifoSortMatrixC_o_1_V|       pointer|
|fifoSortMatrixC_o_2_V_din      |  out|   32|     ap_fifo|  fifoSortMatrixC_o_2_V|       pointer|
|fifoSortMatrixC_o_2_V_full_n   |   in|    1|     ap_fifo|  fifoSortMatrixC_o_2_V|       pointer|
|fifoSortMatrixC_o_2_V_write    |  out|    1|     ap_fifo|  fifoSortMatrixC_o_2_V|       pointer|
|fifoSortMatrixC_o_3_V_din      |  out|   32|     ap_fifo|  fifoSortMatrixC_o_3_V|       pointer|
|fifoSortMatrixC_o_3_V_full_n   |   in|    1|     ap_fifo|  fifoSortMatrixC_o_3_V|       pointer|
|fifoSortMatrixC_o_3_V_write    |  out|    1|     ap_fifo|  fifoSortMatrixC_o_3_V|       pointer|
|fifoSortMatrixC_o_4_V_din      |  out|   32|     ap_fifo|  fifoSortMatrixC_o_4_V|       pointer|
|fifoSortMatrixC_o_4_V_full_n   |   in|    1|     ap_fifo|  fifoSortMatrixC_o_4_V|       pointer|
|fifoSortMatrixC_o_4_V_write    |  out|    1|     ap_fifo|  fifoSortMatrixC_o_4_V|       pointer|
|fifoSortMatrixC_o_5_V_din      |  out|   32|     ap_fifo|  fifoSortMatrixC_o_5_V|       pointer|
|fifoSortMatrixC_o_5_V_full_n   |   in|    1|     ap_fifo|  fifoSortMatrixC_o_5_V|       pointer|
|fifoSortMatrixC_o_5_V_write    |  out|    1|     ap_fifo|  fifoSortMatrixC_o_5_V|       pointer|
|fifoSortMatrixC_o_6_V_din      |  out|   32|     ap_fifo|  fifoSortMatrixC_o_6_V|       pointer|
|fifoSortMatrixC_o_6_V_full_n   |   in|    1|     ap_fifo|  fifoSortMatrixC_o_6_V|       pointer|
|fifoSortMatrixC_o_6_V_write    |  out|    1|     ap_fifo|  fifoSortMatrixC_o_6_V|       pointer|
|fifoSortMatrixC_o_7_V_din      |  out|   32|     ap_fifo|  fifoSortMatrixC_o_7_V|       pointer|
|fifoSortMatrixC_o_7_V_full_n   |   in|    1|     ap_fifo|  fifoSortMatrixC_o_7_V|       pointer|
|fifoSortMatrixC_o_7_V_write    |  out|    1|     ap_fifo|  fifoSortMatrixC_o_7_V|       pointer|
+-------------------------------+-----+-----+------------+-----------------------+--------------+

